12-06-2025 02:14:01 PM error: uncaughtException: Cannot apply rules to empty ruleset or the last rule added does not support rule properties
Error: Cannot apply rules to empty ruleset or the last rule added does not support rule properties
    at new module.exports (C:\Users\hp\Desktop\Neeraj-Mehra\CompanyTest\Invoice_Neeraj_Mehra\backend\node_modules\@hapi\hoek\lib\error.js:23:19)
    at module.exports (C:\Users\hp\Desktop\Neeraj-Mehra\CompanyTest\Invoice_Neeraj_Mehra\backend\node_modules\@hapi\hoek\lib\assert.js:21:11)
    at internals.Base.rule (C:\Users\hp\Desktop\Neeraj-Mehra\CompanyTest\Invoice_Neeraj_Mehra\backend\node_modules\joi\lib\base.js:479:9)
    at internals.Base.method [as message] (C:\Users\hp\Desktop\Neeraj-Mehra\CompanyTest\Invoice_Neeraj_Mehra\backend\node_modules\joi\lib\extend.js:145:29)
    at file:///C:/Users/hp/Desktop/Neeraj-Mehra/CompanyTest/Invoice_Neeraj_Mehra/backend/src/helper/common/joiValidation.js:12:33
    at ModuleJob.run (node:internal/modules/esm/module_job:268:25)
    at async onImport.tracePromise.__proto__ (node:internal/modules/esm/loader:543:26)
    at async asyncRunEntryPointWithESMLoader (node:internal/modules/run_main:116:5) {
  "error": {},
  "stack": "Error: Cannot apply rules to empty ruleset or the last rule added does not support rule properties\n    at new module.exports (C:\\Users\\hp\\Desktop\\Neeraj-Mehra\\CompanyTest\\Invoice_Neeraj_Mehra\\backend\\node_modules\\@hapi\\hoek\\lib\\error.js:23:19)\n    at module.exports (C:\\Users\\hp\\Desktop\\Neeraj-Mehra\\CompanyTest\\Invoice_Neeraj_Mehra\\backend\\node_modules\\@hapi\\hoek\\lib\\assert.js:21:11)\n    at internals.Base.rule (C:\\Users\\hp\\Desktop\\Neeraj-Mehra\\CompanyTest\\Invoice_Neeraj_Mehra\\backend\\node_modules\\joi\\lib\\base.js:479:9)\n    at internals.Base.method [as message] (C:\\Users\\hp\\Desktop\\Neeraj-Mehra\\CompanyTest\\Invoice_Neeraj_Mehra\\backend\\node_modules\\joi\\lib\\extend.js:145:29)\n    at file:///C:/Users/hp/Desktop/Neeraj-Mehra/CompanyTest/Invoice_Neeraj_Mehra/backend/src/helper/common/joiValidation.js:12:33\n    at ModuleJob.run (node:internal/modules/esm/module_job:268:25)\n    at async onImport.tracePromise.__proto__ (node:internal/modules/esm/loader:543:26)\n    at async asyncRunEntryPointWithESMLoader (node:internal/modules/run_main:116:5)",
  "exception": true,
  "date": "Thu Jun 12 2025 14:14:01 GMT+0530 (India Standard Time)",
  "process": {
    "pid": 18712,
    "uid": null,
    "gid": null,
    "cwd": "C:\\Users\\hp\\Desktop\\Neeraj-Mehra\\CompanyTest\\Invoice_Neeraj_Mehra\\backend",
    "execPath": "C:\\Program Files\\nodejs\\node.exe",
    "version": "v22.11.0",
    "argv": [
      "C:\\Program Files\\nodejs\\node.exe",
      "C:\\Users\\hp\\Desktop\\Neeraj-Mehra\\CompanyTest\\Invoice_Neeraj_Mehra\\backend\\index.js"
    ],
    "memoryUsage": {
      "rss": 93663232,
      "heapTotal": 63188992,
      "heapUsed": 34450824,
      "external": 21905759,
      "arrayBuffers": 18311626
    }
  },
  "os": {
    "loadavg": [
      0,
      0,
      0
    ],
    "uptime": 1226818.75
  },
  "trace": [
    {
      "column": 19,
      "file": "C:\\Users\\hp\\Desktop\\Neeraj-Mehra\\CompanyTest\\Invoice_Neeraj_Mehra\\backend\\node_modules\\@hapi\\hoek\\lib\\error.js",
      "function": "new module.exports",
      "line": 23,
      "method": "exports",
      "native": false
    },
    {
      "column": 11,
      "file": "C:\\Users\\hp\\Desktop\\Neeraj-Mehra\\CompanyTest\\Invoice_Neeraj_Mehra\\backend\\node_modules\\@hapi\\hoek\\lib\\assert.js",
      "function": "module.exports",
      "line": 21,
      "method": "exports",
      "native": false
    },
    {
      "column": 9,
      "file": "C:\\Users\\hp\\Desktop\\Neeraj-Mehra\\CompanyTest\\Invoice_Neeraj_Mehra\\backend\\node_modules\\joi\\lib\\base.js",
      "function": "internals.Base.rule",
      "line": 479,
      "method": "rule",
      "native": false
    },
    {
      "column": 29,
      "file": "C:\\Users\\hp\\Desktop\\Neeraj-Mehra\\CompanyTest\\Invoice_Neeraj_Mehra\\backend\\node_modules\\joi\\lib\\extend.js",
      "function": "internals.Base.method [as message]",
      "line": 145,
      "method": "method [as message]",
      "native": false
    },
    {
      "column": 33,
      "file": "file:///C:/Users/hp/Desktop/Neeraj-Mehra/CompanyTest/Invoice_Neeraj_Mehra/backend/src/helper/common/joiValidation.js",
      "function": null,
      "line": 12,
      "method": null,
      "native": false
    },
    {
      "column": 25,
      "file": "node:internal/modules/esm/module_job",
      "function": "ModuleJob.run",
      "line": 268,
      "method": "run",
      "native": false
    },
    {
      "column": 26,
      "file": "node:internal/modules/esm/loader",
      "function": "async onImport.tracePromise.__proto__",
      "line": 543,
      "method": "__proto__",
      "native": false
    },
    {
      "column": 5,
      "file": "node:internal/modules/run_main",
      "function": "async asyncRunEntryPointWithESMLoader",
      "line": 116,
      "method": null,
      "native": false
    }
  ]
}
12-06-2025 02:14:28 PM error: uncaughtException: Cannot apply rules to empty ruleset or the last rule added does not support rule properties
Error: Cannot apply rules to empty ruleset or the last rule added does not support rule properties
    at new module.exports (C:\Users\hp\Desktop\Neeraj-Mehra\CompanyTest\Invoice_Neeraj_Mehra\backend\node_modules\@hapi\hoek\lib\error.js:23:19)
    at module.exports (C:\Users\hp\Desktop\Neeraj-Mehra\CompanyTest\Invoice_Neeraj_Mehra\backend\node_modules\@hapi\hoek\lib\assert.js:21:11)
    at internals.Base.rule (C:\Users\hp\Desktop\Neeraj-Mehra\CompanyTest\Invoice_Neeraj_Mehra\backend\node_modules\joi\lib\base.js:479:9)
    at internals.Base.method [as message] (C:\Users\hp\Desktop\Neeraj-Mehra\CompanyTest\Invoice_Neeraj_Mehra\backend\node_modules\joi\lib\extend.js:145:29)
    at file:///C:/Users/hp/Desktop/Neeraj-Mehra/CompanyTest/Invoice_Neeraj_Mehra/backend/src/helper/common/joiValidation.js:12:33
    at ModuleJob.run (node:internal/modules/esm/module_job:268:25)
    at async onImport.tracePromise.__proto__ (node:internal/modules/esm/loader:543:26)
    at async asyncRunEntryPointWithESMLoader (node:internal/modules/run_main:116:5) {
  "error": {},
  "stack": "Error: Cannot apply rules to empty ruleset or the last rule added does not support rule properties\n    at new module.exports (C:\\Users\\hp\\Desktop\\Neeraj-Mehra\\CompanyTest\\Invoice_Neeraj_Mehra\\backend\\node_modules\\@hapi\\hoek\\lib\\error.js:23:19)\n    at module.exports (C:\\Users\\hp\\Desktop\\Neeraj-Mehra\\CompanyTest\\Invoice_Neeraj_Mehra\\backend\\node_modules\\@hapi\\hoek\\lib\\assert.js:21:11)\n    at internals.Base.rule (C:\\Users\\hp\\Desktop\\Neeraj-Mehra\\CompanyTest\\Invoice_Neeraj_Mehra\\backend\\node_modules\\joi\\lib\\base.js:479:9)\n    at internals.Base.method [as message] (C:\\Users\\hp\\Desktop\\Neeraj-Mehra\\CompanyTest\\Invoice_Neeraj_Mehra\\backend\\node_modules\\joi\\lib\\extend.js:145:29)\n    at file:///C:/Users/hp/Desktop/Neeraj-Mehra/CompanyTest/Invoice_Neeraj_Mehra/backend/src/helper/common/joiValidation.js:12:33\n    at ModuleJob.run (node:internal/modules/esm/module_job:268:25)\n    at async onImport.tracePromise.__proto__ (node:internal/modules/esm/loader:543:26)\n    at async asyncRunEntryPointWithESMLoader (node:internal/modules/run_main:116:5)",
  "exception": true,
  "date": "Thu Jun 12 2025 14:14:28 GMT+0530 (India Standard Time)",
  "process": {
    "pid": 20432,
    "uid": null,
    "gid": null,
    "cwd": "C:\\Users\\hp\\Desktop\\Neeraj-Mehra\\CompanyTest\\Invoice_Neeraj_Mehra\\backend",
    "execPath": "C:\\Program Files\\nodejs\\node.exe",
    "version": "v22.11.0",
    "argv": [
      "C:\\Program Files\\nodejs\\node.exe",
      "C:\\Users\\hp\\Desktop\\Neeraj-Mehra\\CompanyTest\\Invoice_Neeraj_Mehra\\backend\\index.js"
    ],
    "memoryUsage": {
      "rss": 93405184,
      "heapTotal": 63451136,
      "heapUsed": 34327128,
      "external": 21905759,
      "arrayBuffers": 18311626
    }
  },
  "os": {
    "loadavg": [
      0,
      0,
      0
    ],
    "uptime": 1226845.312
  },
  "trace": [
    {
      "column": 19,
      "file": "C:\\Users\\hp\\Desktop\\Neeraj-Mehra\\CompanyTest\\Invoice_Neeraj_Mehra\\backend\\node_modules\\@hapi\\hoek\\lib\\error.js",
      "function": "new module.exports",
      "line": 23,
      "method": "exports",
      "native": false
    },
    {
      "column": 11,
      "file": "C:\\Users\\hp\\Desktop\\Neeraj-Mehra\\CompanyTest\\Invoice_Neeraj_Mehra\\backend\\node_modules\\@hapi\\hoek\\lib\\assert.js",
      "function": "module.exports",
      "line": 21,
      "method": "exports",
      "native": false
    },
    {
      "column": 9,
      "file": "C:\\Users\\hp\\Desktop\\Neeraj-Mehra\\CompanyTest\\Invoice_Neeraj_Mehra\\backend\\node_modules\\joi\\lib\\base.js",
      "function": "internals.Base.rule",
      "line": 479,
      "method": "rule",
      "native": false
    },
    {
      "column": 29,
      "file": "C:\\Users\\hp\\Desktop\\Neeraj-Mehra\\CompanyTest\\Invoice_Neeraj_Mehra\\backend\\node_modules\\joi\\lib\\extend.js",
      "function": "internals.Base.method [as message]",
      "line": 145,
      "method": "method [as message]",
      "native": false
    },
    {
      "column": 33,
      "file": "file:///C:/Users/hp/Desktop/Neeraj-Mehra/CompanyTest/Invoice_Neeraj_Mehra/backend/src/helper/common/joiValidation.js",
      "function": null,
      "line": 12,
      "method": null,
      "native": false
    },
    {
      "column": 25,
      "file": "node:internal/modules/esm/module_job",
      "function": "ModuleJob.run",
      "line": 268,
      "method": "run",
      "native": false
    },
    {
      "column": 26,
      "file": "node:internal/modules/esm/loader",
      "function": "async onImport.tracePromise.__proto__",
      "line": 543,
      "method": "__proto__",
      "native": false
    },
    {
      "column": 5,
      "file": "node:internal/modules/run_main",
      "function": "async asyncRunEntryPointWithESMLoader",
      "line": 116,
      "method": null,
      "native": false
    }
  ]
}
